Arguments: 
  /Users/wangfanghua/.nvm/versions/node/v6.9.0/bin/node /usr/local/bin/yarn

PATH: 
  /Users/wangfanghua/.nvm/versions/node/v6.9.0/bin:/usr/local/bin:/usr/bin:/bin:/usr/sbin:/sbin:/Applications/Wireshark.app/Contents/MacOS:/Users/wangfanghua/Library/Android/sdk/platform-tools:/usr/local/mysql/bin:/Users/wangfanghua/Library/Android/sdk/platform-tools:/usr/local/mysql/bin

Yarn version: 
  0.24.5

Node version: 
  6.9.0

Platform: 
  darwin x64

npm manifest: 
  {
    "name": "ts-express",
    "version": "1.0.0",
    "description": "ts,express",
    "main": "app.js",
    "scripts": {
      "start": "node ./bin/www"
    },
    "keywords": [
      "typescript",
      "express"
    ],
    "author": "monkey@lwork.com",
    "license": "ISC",
    "dependencies": {
      "body-parser": "^1.15.2",
      "cookie-parser": "^1.4.3",
      "debug": "^2.3.2",
      "express": "^4.14.0",
      "mongodb": "^2.2.11",
      "morgan": "^1.7.0",
      "serve-favicon": "^2.3.0",
      "typescript": "^2.0.8"
    },
    "devDependencies": {
      "@types/body-parser": "0.0.33",
      "@types/cookie-parser": "^1.3.30",
      "@types/express": "^4.0.33",
      "@types/jsonwebtoken": "^7.1.33",
      "@types/mongodb": "^2.1.34",
      "@types/morgan": "^1.7.32",
      "@types/serve-favicon": "^2.2.27",
      "del": "^2.2.2",
      "gulp": "^3.9.1",
      "gulp-nodemon": "^2.2.1",
      "gulp-shell": "^0.5.2",
      "gulp-sourcemaps": "^2.2.0",
      "gulp-supervisor": "^0.1.2",
      "gulp-typescript": "^3.1.2",
      "jsonwebtoken": "^7.1.9",
      "run-sequence": "^1.2.2"
    }
  }

yarn manifest: 
  No manifest

Lockfile: 
  No lockfile

Trace: 
  Error: https://registry.yarnpkg.com/express: ESOCKETTIMEDOUT
      at ClientRequest.<anonymous> (/usr/local/lib/node_modules/yarn/node_modules/request/request.js:819:19)
      at ClientRequest.g (events.js:291:16)
      at emitNone (events.js:86:13)
      at ClientRequest.emit (events.js:185:7)
      at TLSSocket.emitTimeout (_http_client.js:620:10)
      at TLSSocket.g (events.js:291:16)
      at emitNone (events.js:86:13)
      at TLSSocket.emit (events.js:185:7)
      at TLSSocket.Socket._onTimeout (net.js:339:8)
      at ontimeout (timers.js:365:14)
